Using pre-set license
Built from '2021.1/staging' branch; Version is '2021.1.3f1 (4bef613afd59) revision 4976481'; Using compiler version '192528614'; Build Type 'Release'
OS: 'Windows 10 Education; OS build 18363.1734; Version 1909; 64bit' Language: 'pt' Physical Memory: 6055 MB
BatchMode: 1, IsHumanControllingUs: 0, StartBugReporterOnCrash: 0, Is64bit: 1, IsPro: 0

 COMMAND LINE ARGUMENTS:
C:\Program Files\Unity\Hub\Editor\2021.1.3f1\Editor\Unity.exe
-adb2
-batchMode
-noUpm
-name
AssetImportWorker0
-projectPath
C:/Users/Raissa/Documents/Unisinos/Animação Computadorizada/animation-studies/Animation Studies
-logFile
Logs/AssetImportWorker0.log
-srvPort
55053
Successfully changed project path to: C:/Users/Raissa/Documents/Unisinos/Animação Computadorizada/animation-studies/Animation Studies
C:/Users/Raissa/Documents/Unisinos/Animação Computadorizada/animation-studies/Animation Studies
Using Asset Import Pipeline V2.
Refreshing native plugins compatible for Editor in 173.86 ms, found 1 plugins.
Preloading 0 native plugins for Editor in 0.00 ms.
Initialize engine version: 2021.1.3f1 (4bef613afd59)
[Subsystems] Discovering subsystems at path C:/Program Files/Unity/Hub/Editor/2021.1.3f1/Editor/Data/Resources/UnitySubsystems
[Subsystems] Discovering subsystems at path C:/Users/Raissa/Documents/Unisinos/Animação Computadorizada/animation-studies/Animation Studies/Assets
GfxDevice: creating device client; threaded=0; jobified=0
Direct3D:
    Version:  Direct3D 11.0 [level 10.1]
    Renderer: Intel(R) HD Graphics 3000 (ID=0x126)
    Vendor:   Intel
    VRAM:     128 MB
    Driver:   9.17.10.4459
Initialize mono
Mono path[0] = 'C:/Program Files/Unity/Hub/Editor/2021.1.3f1/Editor/Data/Managed'
Mono path[1] = 'C:/Program Files/Unity/Hub/Editor/2021.1.3f1/Editor/Data/MonoBleedingEdge/lib/mono/unityjit'
Mono config path = 'C:/Program Files/Unity/Hub/Editor/2021.1.3f1/Editor/Data/MonoBleedingEdge/etc'
Using monoOptions --debugger-agent=transport=dt_socket,embedding=1,server=y,suspend=n,address=127.0.0.1:56336
Begin MonoManager ReloadAssembly
Registering precompiled unity dll's ...
Register platform support module: C:/Program Files/Unity/Hub/Editor/2021.1.3f1/Editor/Data/PlaybackEngines/WindowsStandaloneSupport/UnityEditor.WindowsStandalone.Extensions.dll
Registered in 0.009303 seconds.
Native extension for WindowsStandalone target not found
Refreshing native plugins compatible for Editor in 197.54 ms, found 1 plugins.
Preloading 0 native plugins for Editor in 0.00 ms.
Mono: successfully reloaded assembly
- Completed reload, in  7.403 seconds
Platform modules already initialized, skipping
Registering precompiled user dll's ...
Registered in 0.023637 seconds.
Begin MonoManager ReloadAssembly
Native extension for WindowsStandalone target not found
Refreshing native plugins compatible for Editor in 1.01 ms, found 1 plugins.
Preloading 0 native plugins for Editor in 0.00 ms.
Mono: successfully reloaded assembly
- Completed reload, in  2.309 seconds
Platform modules already initialized, skipping
========================================================================
Worker process is ready to serve import requests
Launched and connected shader compiler UnityShaderCompiler.exe after 0.16 seconds
Refreshing native plugins compatible for Editor in 0.94 ms, found 1 plugins.
Preloading 0 native plugins for Editor in 0.00 ms.
Unloading 2665 Unused Serialized files (Serialized files now loaded: 0)
System memory in use before: 99.1 MB.
System memory in use after: 99.3 MB.

Unloading 15 unused Assets to reduce memory usage. Loaded Objects now: 3117.
Total: 4.220600 ms (FindLiveObjects: 0.328200 ms CreateObjectMapping: 0.188700 ms MarkObjects: 3.505200 ms  DeleteObjects: 0.195300 ms)

========================================================================
Received Import Request.
  path: Assets/Materials
  artifactKey: Guid(b459f2dba2747b341a3e39d20c7c2395) Importer(815301076,1909f56bfc062723c751e8b465ee728b)
Start importing Assets/Materials using Guid(b459f2dba2747b341a3e39d20c7c2395) Importer(815301076,1909f56bfc062723c751e8b465ee728b)  -> (artifact id: 'be333afedde99916043afbc3e3cca39d') in 0.231491 seconds 
========================================================================
Received Import Request.
  Time since last request: 3.384200 seconds.
  path: Assets/Materials/Gray.mat
  artifactKey: Guid(666a805c8ee846e4a9f0a607b68f8421) Importer(815301076,1909f56bfc062723c751e8b465ee728b)
Start importing Assets/Materials/Gray.mat using Guid(666a805c8ee846e4a9f0a607b68f8421) Importer(815301076,1909f56bfc062723c751e8b465ee728b)  -> (artifact id: '418e29c45c925862b7f285b9137743fe') in 0.575345 seconds 
========================================================================
Received Import Request.
  Time since last request: 18.661541 seconds.
  path: Assets/Materials/Gray.mat
  artifactKey: Guid(666a805c8ee846e4a9f0a607b68f8421) Importer(815301076,1909f56bfc062723c751e8b465ee728b)
Start importing Assets/Materials/Gray.mat using Guid(666a805c8ee846e4a9f0a607b68f8421) Importer(815301076,1909f56bfc062723c751e8b465ee728b)  -> (artifact id: '7950122a2b064d4a54d7345f8d526ccf') in 0.035754 seconds 
========================================================================
Received Import Request.
  Time since last request: 68.104795 seconds.
  path: Assets/Materials/Red.mat
  artifactKey: Guid(39041827e8ad77e4cabd28f4a68f772c) Importer(815301076,1909f56bfc062723c751e8b465ee728b)
Start importing Assets/Materials/Red.mat using Guid(39041827e8ad77e4cabd28f4a68f772c) Importer(815301076,1909f56bfc062723c751e8b465ee728b)  -> (artifact id: '4f3bd96701b05d250c89810c74292448') in 0.054841 seconds 
AssetImportWorkerClient::OnTransportError - code=2 error=End of file
